{"C:\\Users\\abu8kor\\Documents\\personal\\NearBy\\server.js":{"path":"C:\\Users\\abu8kor\\Documents\\personal\\NearBy\\server.js","s":{"1":1,"2":1,"3":1,"4":1,"5":1,"6":1,"7":1,"8":1,"9":1,"10":1,"11":1,"12":1,"13":1,"14":1,"15":1,"16":1,"17":1,"18":1,"19":1,"20":0,"21":0,"22":0,"23":0,"24":0,"25":0,"26":1,"27":1,"28":1,"29":1,"30":1,"31":1,"32":1,"33":0,"34":0,"35":0,"36":0,"37":0,"38":0,"39":1,"40":1,"41":1,"42":0,"43":1,"44":0,"45":0,"46":1,"47":0,"48":0,"49":0,"50":1,"51":0,"52":0,"53":1},"b":{"1":[1,0],"2":[1,1],"3":[0,0],"4":[0,0],"5":[0,0],"6":[0,0],"7":[0,1]},"f":{"1":0,"2":0,"3":0},"fnMap":{"1":{"name":"(anonymous_1)","line":61,"loc":{"start":{"line":61,"column":8},"end":{"line":61,"column":33}}},"2":{"name":"(anonymous_2)","line":76,"loc":{"start":{"line":76,"column":8},"end":{"line":76,"column":27}}},"3":{"name":"(anonymous_3)","line":82,"loc":{"start":{"line":82,"column":8},"end":{"line":82,"column":38}}}},"statementMap":{"1":{"start":{"line":1,"column":0},"end":{"line":1,"column":33}},"2":{"start":{"line":3,"column":0},"end":{"line":3,"column":32}},"3":{"start":{"line":4,"column":0},"end":{"line":4,"column":46}},"4":{"start":{"line":5,"column":0},"end":{"line":5,"column":43}},"5":{"start":{"line":7,"column":0},"end":{"line":7,"column":26}},"6":{"start":{"line":8,"column":0},"end":{"line":8,"column":39}},"7":{"start":{"line":10,"column":0},"end":{"line":10,"column":30}},"8":{"start":{"line":12,"column":0},"end":{"line":12,"column":39}},"9":{"start":{"line":13,"column":0},"end":{"line":13,"column":33}},"10":{"start":{"line":15,"column":0},"end":{"line":15,"column":20}},"11":{"start":{"line":17,"column":0},"end":{"line":17,"column":28}},"12":{"start":{"line":18,"column":0},"end":{"line":18,"column":47}},"13":{"start":{"line":19,"column":0},"end":{"line":19,"column":29}},"14":{"start":{"line":20,"column":0},"end":{"line":20,"column":45}},"15":{"start":{"line":22,"column":0},"end":{"line":22,"column":62}},"16":{"start":{"line":23,"column":0},"end":{"line":23,"column":66}},"17":{"start":{"line":27,"column":0},"end":{"line":27,"column":155}},"18":{"start":{"line":28,"column":0},"end":{"line":44,"column":1}},"19":{"start":{"line":29,"column":4},"end":{"line":29,"column":33}},"20":{"start":{"line":32,"column":4},"end":{"line":32,"column":26}},"21":{"start":{"line":33,"column":4},"end":{"line":33,"column":58}},"22":{"start":{"line":34,"column":4},"end":{"line":34,"column":52}},"23":{"start":{"line":35,"column":4},"end":{"line":35,"column":55}},"24":{"start":{"line":36,"column":4},"end":{"line":41,"column":6}},"25":{"start":{"line":43,"column":4},"end":{"line":43,"column":59}},"26":{"start":{"line":47,"column":0},"end":{"line":47,"column":53}},"27":{"start":{"line":48,"column":0},"end":{"line":48,"column":26}},"28":{"start":{"line":49,"column":0},"end":{"line":49,"column":51}},"29":{"start":{"line":58,"column":0},"end":{"line":58,"column":43}},"30":{"start":{"line":59,"column":0},"end":{"line":59,"column":49}},"31":{"start":{"line":60,"column":0},"end":{"line":60,"column":40}},"32":{"start":{"line":61,"column":0},"end":{"line":70,"column":2}},"33":{"start":{"line":62,"column":4},"end":{"line":69,"column":5}},"34":{"start":{"line":63,"column":8},"end":{"line":63,"column":14}},"35":{"start":{"line":64,"column":11},"end":{"line":69,"column":5}},"36":{"start":{"line":65,"column":8},"end":{"line":65,"column":32}},"37":{"start":{"line":66,"column":8},"end":{"line":66,"column":14}},"38":{"start":{"line":68,"column":8},"end":{"line":68,"column":49}},"39":{"start":{"line":72,"column":0},"end":{"line":72,"column":41}},"40":{"start":{"line":73,"column":0},"end":{"line":73,"column":47}},"41":{"start":{"line":76,"column":0},"end":{"line":79,"column":2}},"42":{"start":{"line":78,"column":4},"end":{"line":78,"column":33}},"43":{"start":{"line":82,"column":0},"end":{"line":85,"column":2}},"44":{"start":{"line":83,"column":4},"end":{"line":83,"column":36}},"45":{"start":{"line":84,"column":4},"end":{"line":84,"column":49}},"46":{"start":{"line":88,"column":0},"end":{"line":91,"column":2}},"47":{"start":{"line":89,"column":4},"end":{"line":90,"column":60}},"48":{"start":{"line":89,"column":13},"end":{"line":89,"column":57}},"49":{"start":{"line":90,"column":9},"end":{"line":90,"column":60}},"50":{"start":{"line":93,"column":0},"end":{"line":97,"column":1}},"51":{"start":{"line":94,"column":4},"end":{"line":96,"column":6}},"52":{"start":{"line":95,"column":8},"end":{"line":95,"column":48}},"53":{"start":{"line":99,"column":0},"end":{"line":99,"column":20}}},"branchMap":{"1":{"line":28,"type":"if","locations":[{"start":{"line":28,"column":0},"end":{"line":28,"column":0}},{"start":{"line":28,"column":0},"end":{"line":28,"column":0}}]},"2":{"line":28,"type":"binary-expr","locations":[{"start":{"line":28,"column":4},"end":{"line":28,"column":23}},{"start":{"line":28,"column":27},"end":{"line":28,"column":47}}]},"3":{"line":35,"type":"binary-expr","locations":[{"start":{"line":35,"column":4},"end":{"line":35,"column":28}},{"start":{"line":35,"column":32},"end":{"line":35,"column":55}}]},"4":{"line":62,"type":"if","locations":[{"start":{"line":62,"column":4},"end":{"line":62,"column":4}},{"start":{"line":62,"column":4},"end":{"line":62,"column":4}}]},"5":{"line":64,"type":"if","locations":[{"start":{"line":64,"column":11},"end":{"line":64,"column":11}},{"start":{"line":64,"column":11},"end":{"line":64,"column":11}}]},"6":{"line":89,"type":"if","locations":[{"start":{"line":89,"column":4},"end":{"line":89,"column":4}},{"start":{"line":89,"column":4},"end":{"line":89,"column":4}}]},"7":{"line":93,"type":"if","locations":[{"start":{"line":93,"column":0},"end":{"line":93,"column":0}},{"start":{"line":93,"column":0},"end":{"line":93,"column":0}}]}}},"C:\\Users\\abu8kor\\Documents\\personal\\NearBy\\config\\init.globals.js":{"path":"C:\\Users\\abu8kor\\Documents\\personal\\NearBy\\config\\init.globals.js","s":{"1":1,"2":1,"3":1,"4":1,"5":1,"6":1,"7":1,"8":1,"9":1,"10":1,"11":1,"12":1,"13":0,"14":0,"15":0,"16":0,"17":0,"18":0,"19":1,"20":1,"21":1,"22":1,"23":1,"24":1,"25":1},"b":{"1":[0,1],"2":[1,1]},"f":{},"fnMap":{},"statementMap":{"1":{"start":{"line":3,"column":0},"end":{"line":3,"column":26}},"2":{"start":{"line":4,"column":0},"end":{"line":4,"column":35}},"3":{"start":{"line":5,"column":0},"end":{"line":5,"column":46}},"4":{"start":{"line":7,"column":0},"end":{"line":7,"column":30}},"5":{"start":{"line":8,"column":0},"end":{"line":8,"column":24}},"6":{"start":{"line":10,"column":0},"end":{"line":10,"column":43}},"7":{"start":{"line":11,"column":0},"end":{"line":11,"column":32}},"8":{"start":{"line":12,"column":0},"end":{"line":12,"column":42}},"9":{"start":{"line":13,"column":0},"end":{"line":13,"column":40}},"10":{"start":{"line":14,"column":0},"end":{"line":14,"column":48}},"11":{"start":{"line":15,"column":0},"end":{"line":15,"column":50}},"12":{"start":{"line":17,"column":0},"end":{"line":32,"column":1}},"13":{"start":{"line":18,"column":4},"end":{"line":18,"column":36}},"14":{"start":{"line":19,"column":4},"end":{"line":19,"column":80}},"15":{"start":{"line":20,"column":4},"end":{"line":20,"column":44}},"16":{"start":{"line":21,"column":4},"end":{"line":21,"column":52}},"17":{"start":{"line":22,"column":4},"end":{"line":22,"column":54}},"18":{"start":{"line":23,"column":4},"end":{"line":23,"column":35}},"19":{"start":{"line":26,"column":4},"end":{"line":26,"column":37}},"20":{"start":{"line":27,"column":4},"end":{"line":27,"column":81}},"21":{"start":{"line":28,"column":4},"end":{"line":28,"column":45}},"22":{"start":{"line":29,"column":4},"end":{"line":29,"column":53}},"23":{"start":{"line":30,"column":4},"end":{"line":30,"column":55}},"24":{"start":{"line":31,"column":4},"end":{"line":31,"column":35}},"25":{"start":{"line":34,"column":0},"end":{"line":34,"column":31}}},"branchMap":{"1":{"line":17,"type":"if","locations":[{"start":{"line":17,"column":0},"end":{"line":17,"column":0}},{"start":{"line":17,"column":0},"end":{"line":17,"column":0}}]},"2":{"line":17,"type":"binary-expr","locations":[{"start":{"line":17,"column":4},"end":{"line":17,"column":23}},{"start":{"line":17,"column":27},"end":{"line":17,"column":47}}]}}},"C:\\Users\\abu8kor\\Documents\\personal\\NearBy\\config\\config.js":{"path":"C:\\Users\\abu8kor\\Documents\\personal\\NearBy\\config\\config.js","s":{"1":1},"b":{},"f":{},"fnMap":{},"statementMap":{"1":{"start":{"line":1,"column":0},"end":{"line":26,"column":1}}},"branchMap":{}},"C:\\Users\\abu8kor\\Documents\\personal\\NearBy\\config\\config.mongo.js":{"path":"C:\\Users\\abu8kor\\Documents\\personal\\NearBy\\config\\config.mongo.js","s":{"1":1},"b":{},"f":{},"fnMap":{},"statementMap":{"1":{"start":{"line":1,"column":0},"end":{"line":8,"column":1}}},"branchMap":{}},"C:\\Users\\abu8kor\\Documents\\personal\\NearBy\\lib\\db\\mongoConn.js":{"path":"C:\\Users\\abu8kor\\Documents\\personal\\NearBy\\lib\\db\\mongoConn.js","s":{"1":1,"2":1,"3":1,"4":1,"5":1,"6":1,"7":0,"8":0,"9":1,"10":1,"11":0,"12":0,"13":0,"14":0,"15":0,"16":0,"17":0,"18":0,"19":0},"b":{"1":[0,0]},"f":{"1":1,"2":1,"3":0,"4":0},"fnMap":{"1":{"name":"getConn","line":8,"loc":{"start":{"line":8,"column":0},"end":{"line":8,"column":19}}},"2":{"name":"keepConnAlive","line":22,"loc":{"start":{"line":22,"column":0},"end":{"line":22,"column":25}}},"3":{"name":"(anonymous_3)","line":23,"loc":{"start":{"line":23,"column":32},"end":{"line":23,"column":43}}},"4":{"name":"(anonymous_4)","line":26,"loc":{"start":{"line":26,"column":39},"end":{"line":26,"column":53}}}},"statementMap":{"1":{"start":{"line":1,"column":0},"end":{"line":1,"column":32}},"2":{"start":{"line":3,"column":0},"end":{"line":3,"column":9}},"3":{"start":{"line":8,"column":0},"end":{"line":16,"column":1}},"4":{"start":{"line":9,"column":4},"end":{"line":15,"column":5}},"5":{"start":{"line":10,"column":8},"end":{"line":10,"column":61}},"6":{"start":{"line":11,"column":8},"end":{"line":11,"column":23}},"7":{"start":{"line":13,"column":8},"end":{"line":13,"column":45}},"8":{"start":{"line":14,"column":8},"end":{"line":14,"column":38}},"9":{"start":{"line":22,"column":0},"end":{"line":40,"column":1}},"10":{"start":{"line":23,"column":4},"end":{"line":39,"column":21}},"11":{"start":{"line":25,"column":8},"end":{"line":37,"column":9}},"12":{"start":{"line":26,"column":12},"end":{"line":32,"column":14}},"13":{"start":{"line":27,"column":16},"end":{"line":31,"column":17}},"14":{"start":{"line":28,"column":20},"end":{"line":28,"column":56}},"15":{"start":{"line":29,"column":20},"end":{"line":29,"column":44}},"16":{"start":{"line":30,"column":20},"end":{"line":30,"column":29}},"17":{"start":{"line":34,"column":12},"end":{"line":34,"column":48}},"18":{"start":{"line":35,"column":12},"end":{"line":35,"column":36}},"19":{"start":{"line":36,"column":12},"end":{"line":36,"column":21}}},"branchMap":{"1":{"line":27,"type":"if","locations":[{"start":{"line":27,"column":16},"end":{"line":27,"column":16}},{"start":{"line":27,"column":16},"end":{"line":27,"column":16}}]}}},"C:\\Users\\abu8kor\\Documents\\personal\\NearBy\\lib\\logger.js":{"path":"C:\\Users\\abu8kor\\Documents\\personal\\NearBy\\lib\\logger.js","s":{"1":1,"2":1,"3":1,"4":1,"5":1,"6":1,"7":1,"8":1,"9":0,"10":0,"11":0,"12":0,"13":0,"14":0,"15":0},"b":{"1":[1,0],"2":[1,1],"3":[0,0]},"f":{},"fnMap":{},"statementMap":{"1":{"start":{"line":6,"column":0},"end":{"line":6,"column":37}},"2":{"start":{"line":8,"column":0},"end":{"line":8,"column":35}},"3":{"start":{"line":9,"column":0},"end":{"line":9,"column":33}},"4":{"start":{"line":10,"column":0},"end":{"line":10,"column":33}},"5":{"start":{"line":12,"column":0},"end":{"line":26,"column":1}},"6":{"start":{"line":13,"column":4},"end":{"line":13,"column":22}},"7":{"start":{"line":14,"column":4},"end":{"line":14,"column":21}},"8":{"start":{"line":15,"column":4},"end":{"line":15,"column":21}},"9":{"start":{"line":16,"column":7},"end":{"line":26,"column":1}},"10":{"start":{"line":17,"column":4},"end":{"line":17,"column":24}},"11":{"start":{"line":18,"column":4},"end":{"line":18,"column":21}},"12":{"start":{"line":19,"column":4},"end":{"line":19,"column":21}},"13":{"start":{"line":21,"column":4},"end":{"line":21,"column":39}},"14":{"start":{"line":22,"column":4},"end":{"line":22,"column":39}},"15":{"start":{"line":25,"column":4},"end":{"line":25,"column":71}}},"branchMap":{"1":{"line":12,"type":"if","locations":[{"start":{"line":12,"column":0},"end":{"line":12,"column":0}},{"start":{"line":12,"column":0},"end":{"line":12,"column":0}}]},"2":{"line":12,"type":"binary-expr","locations":[{"start":{"line":12,"column":4},"end":{"line":12,"column":23}},{"start":{"line":12,"column":27},"end":{"line":12,"column":47}}]},"3":{"line":16,"type":"if","locations":[{"start":{"line":16,"column":7},"end":{"line":16,"column":7}},{"start":{"line":16,"column":7},"end":{"line":16,"column":7}}]}}},"C:\\Users\\abu8kor\\Documents\\personal\\NearBy\\lib\\middlewares.js":{"path":"C:\\Users\\abu8kor\\Documents\\personal\\NearBy\\lib\\middlewares.js","s":{"1":1,"2":1,"3":1,"4":1,"5":1,"6":1,"7":0,"8":0,"9":0,"10":0,"11":0,"12":0,"13":0,"14":0,"15":0,"16":0,"17":0,"18":1,"19":0,"20":0,"21":0,"22":0,"23":0,"24":0,"25":0,"26":0,"27":0,"28":0,"29":0,"30":0,"31":0,"32":0,"33":0,"34":0,"35":0,"36":0,"37":0,"38":0,"39":0,"40":0,"41":0,"42":0,"43":0,"44":0,"45":0,"46":0,"47":1,"48":0,"49":0,"50":1,"51":0,"52":0,"53":0,"54":0,"55":0,"56":1,"57":0,"58":0},"b":{"1":[0,0],"2":[0,0],"3":[0,0],"4":[0,0],"5":[0,0],"6":[0,0],"7":[0,0],"8":[0,0],"9":[0,0],"10":[0,0,0,0,0,0,0,0],"11":[0,0],"12":[0,0],"13":[0,0,0],"14":[0,0],"15":[0,0],"16":[0,0]},"f":{"1":1,"2":0,"3":0,"4":1,"5":0,"6":0,"7":0,"8":0,"9":0,"10":0,"11":0,"12":0,"13":0},"fnMap":{"1":{"name":"(anonymous_1)","line":9,"loc":{"start":{"line":9,"column":15},"end":{"line":9,"column":26}}},"2":{"name":"(anonymous_2)","line":10,"loc":{"start":{"line":10,"column":15},"end":{"line":10,"column":34}}},"3":{"name":"(anonymous_3)","line":16,"loc":{"start":{"line":16,"column":15},"end":{"line":16,"column":35}}},"4":{"name":"(anonymous_4)","line":35,"loc":{"start":{"line":35,"column":18},"end":{"line":35,"column":29}}},"5":{"name":"(anonymous_5)","line":36,"loc":{"start":{"line":36,"column":15},"end":{"line":36,"column":34}}},"6":{"name":"(anonymous_6)","line":57,"loc":{"start":{"line":57,"column":70},"end":{"line":57,"column":84}}},"7":{"name":"(anonymous_7)","line":64,"loc":{"start":{"line":64,"column":57},"end":{"line":64,"column":77}}},"8":{"name":"(anonymous_8)","line":75,"loc":{"start":{"line":75,"column":19},"end":{"line":75,"column":44}}},"9":{"name":"(anonymous_9)","line":93,"loc":{"start":{"line":93,"column":23},"end":{"line":93,"column":43}}},"10":{"name":"(anonymous_10)","line":112,"loc":{"start":{"line":112,"column":15},"end":{"line":112,"column":34}}},"11":{"name":"sendToken","line":119,"loc":{"start":{"line":119,"column":0},"end":{"line":119,"column":30}}},"12":{"name":"uniqueUserEmail","line":139,"loc":{"start":{"line":139,"column":0},"end":{"line":139,"column":36}}},"13":{"name":"(anonymous_13)","line":143,"loc":{"start":{"line":143,"column":19},"end":{"line":143,"column":39}}}},"statementMap":{"1":{"start":{"line":1,"column":0},"end":{"line":1,"column":30}},"2":{"start":{"line":2,"column":0},"end":{"line":2,"column":31}},"3":{"start":{"line":4,"column":0},"end":{"line":4,"column":41}},"4":{"start":{"line":5,"column":0},"end":{"line":5,"column":29}},"5":{"start":{"line":7,"column":0},"end":{"line":117,"column":1}},"6":{"start":{"line":10,"column":8},"end":{"line":33,"column":9}},"7":{"start":{"line":11,"column":12},"end":{"line":11,"column":37}},"8":{"start":{"line":13,"column":12},"end":{"line":32,"column":14}},"9":{"start":{"line":17,"column":16},"end":{"line":31,"column":17}},"10":{"start":{"line":18,"column":20},"end":{"line":18,"column":79}},"11":{"start":{"line":19,"column":20},"end":{"line":24,"column":21}},"12":{"start":{"line":20,"column":24},"end":{"line":20,"column":40}},"13":{"start":{"line":21,"column":24},"end":{"line":21,"column":44}},"14":{"start":{"line":23,"column":24},"end":{"line":23,"column":75}},"15":{"start":{"line":26,"column":20},"end":{"line":30,"column":21}},"16":{"start":{"line":27,"column":24},"end":{"line":27,"column":52}},"17":{"start":{"line":29,"column":24},"end":{"line":29,"column":75}},"18":{"start":{"line":36,"column":8},"end":{"line":73,"column":9}},"19":{"start":{"line":38,"column":12},"end":{"line":38,"column":37}},"20":{"start":{"line":40,"column":12},"end":{"line":55,"column":14}},"21":{"start":{"line":57,"column":12},"end":{"line":72,"column":14}},"22":{"start":{"line":58,"column":16},"end":{"line":71,"column":17}},"23":{"start":{"line":59,"column":20},"end":{"line":59,"column":47}},"24":{"start":{"line":61,"column":20},"end":{"line":61,"column":42}},"25":{"start":{"line":62,"column":20},"end":{"line":62,"column":38}},"26":{"start":{"line":63,"column":20},"end":{"line":63,"column":57}},"27":{"start":{"line":64,"column":20},"end":{"line":70,"column":22}},"28":{"start":{"line":65,"column":24},"end":{"line":69,"column":25}},"29":{"start":{"line":66,"column":28},"end":{"line":66,"column":48}},"30":{"start":{"line":68,"column":28},"end":{"line":68,"column":55}},"31":{"start":{"line":76,"column":8},"end":{"line":76,"column":191}},"32":{"start":{"line":77,"column":8},"end":{"line":109,"column":9}},"33":{"start":{"line":78,"column":12},"end":{"line":78,"column":25}},"34":{"start":{"line":79,"column":12},"end":{"line":83,"column":13}},"35":{"start":{"line":80,"column":16},"end":{"line":80,"column":69}},"36":{"start":{"line":82,"column":16},"end":{"line":82,"column":52}},"37":{"start":{"line":85,"column":12},"end":{"line":106,"column":13}},"38":{"start":{"line":86,"column":16},"end":{"line":103,"column":17}},"39":{"start":{"line":87,"column":20},"end":{"line":100,"column":22}},"40":{"start":{"line":94,"column":24},"end":{"line":94,"column":40}},"41":{"start":{"line":95,"column":24},"end":{"line":99,"column":25}},"42":{"start":{"line":96,"column":28},"end":{"line":96,"column":34}},"43":{"start":{"line":98,"column":28},"end":{"line":98,"column":57}},"44":{"start":{"line":102,"column":20},"end":{"line":102,"column":49}},"45":{"start":{"line":105,"column":16},"end":{"line":105,"column":45}},"46":{"start":{"line":108,"column":12},"end":{"line":108,"column":41}},"47":{"start":{"line":112,"column":8},"end":{"line":115,"column":9}},"48":{"start":{"line":113,"column":12},"end":{"line":113,"column":36}},"49":{"start":{"line":114,"column":12},"end":{"line":114,"column":62}},"50":{"start":{"line":119,"column":0},"end":{"line":137,"column":1}},"51":{"start":{"line":120,"column":4},"end":{"line":120,"column":67}},"52":{"start":{"line":121,"column":4},"end":{"line":124,"column":5}},"53":{"start":{"line":126,"column":4},"end":{"line":126,"column":71}},"54":{"start":{"line":127,"column":4},"end":{"line":127,"column":51}},"55":{"start":{"line":129,"column":4},"end":{"line":136,"column":6}},"56":{"start":{"line":139,"column":0},"end":{"line":146,"column":1}},"57":{"start":{"line":140,"column":4},"end":{"line":145,"column":6}},"58":{"start":{"line":144,"column":8},"end":{"line":144,"column":22}}},"branchMap":{"1":{"line":11,"type":"binary-expr","locations":[{"start":{"line":11,"column":23},"end":{"line":11,"column":31}},{"start":{"line":11,"column":35},"end":{"line":11,"column":37}}]},"2":{"line":14,"type":"binary-expr","locations":[{"start":{"line":14,"column":24},"end":{"line":14,"column":34}},{"start":{"line":14,"column":38},"end":{"line":14,"column":40}}]},"3":{"line":17,"type":"if","locations":[{"start":{"line":17,"column":16},"end":{"line":17,"column":16}},{"start":{"line":17,"column":16},"end":{"line":17,"column":16}}]},"4":{"line":18,"type":"binary-expr","locations":[{"start":{"line":18,"column":64},"end":{"line":18,"column":72}},{"start":{"line":18,"column":76},"end":{"line":18,"column":78}}]},"5":{"line":19,"type":"if","locations":[{"start":{"line":19,"column":20},"end":{"line":19,"column":20}},{"start":{"line":19,"column":20},"end":{"line":19,"column":20}}]},"6":{"line":26,"type":"if","locations":[{"start":{"line":26,"column":20},"end":{"line":26,"column":20}},{"start":{"line":26,"column":20},"end":{"line":26,"column":20}}]},"7":{"line":38,"type":"binary-expr","locations":[{"start":{"line":38,"column":23},"end":{"line":38,"column":31}},{"start":{"line":38,"column":35},"end":{"line":38,"column":37}}]},"8":{"line":58,"type":"if","locations":[{"start":{"line":58,"column":16},"end":{"line":58,"column":16}},{"start":{"line":58,"column":16},"end":{"line":58,"column":16}}]},"9":{"line":65,"type":"if","locations":[{"start":{"line":65,"column":24},"end":{"line":65,"column":24}},{"start":{"line":65,"column":24},"end":{"line":65,"column":24}}]},"10":{"line":76,"type":"binary-expr","locations":[{"start":{"line":76,"column":21},"end":{"line":76,"column":38}},{"start":{"line":76,"column":42},"end":{"line":76,"column":68}},{"start":{"line":76,"column":74},"end":{"line":76,"column":103}},{"start":{"line":76,"column":107},"end":{"line":76,"column":115}},{"start":{"line":76,"column":119},"end":{"line":76,"column":140}},{"start":{"line":76,"column":146},"end":{"line":76,"column":155}},{"start":{"line":76,"column":159},"end":{"line":76,"column":181}},{"start":{"line":76,"column":186},"end":{"line":76,"column":190}}]},"11":{"line":77,"type":"if","locations":[{"start":{"line":77,"column":8},"end":{"line":77,"column":8}},{"start":{"line":77,"column":8},"end":{"line":77,"column":8}}]},"12":{"line":85,"type":"if","locations":[{"start":{"line":85,"column":12},"end":{"line":85,"column":12}},{"start":{"line":85,"column":12},"end":{"line":85,"column":12}}]},"13":{"line":85,"type":"binary-expr","locations":[{"start":{"line":85,"column":16},"end":{"line":85,"column":24}},{"start":{"line":85,"column":28},"end":{"line":85,"column":44}},{"start":{"line":85,"column":48},"end":{"line":85,"column":60}}]},"14":{"line":86,"type":"if","locations":[{"start":{"line":86,"column":16},"end":{"line":86,"column":16}},{"start":{"line":86,"column":16},"end":{"line":86,"column":16}}]},"15":{"line":95,"type":"if","locations":[{"start":{"line":95,"column":24},"end":{"line":95,"column":24}},{"start":{"line":95,"column":24},"end":{"line":95,"column":24}}]},"16":{"line":95,"type":"binary-expr","locations":[{"start":{"line":95,"column":28},"end":{"line":95,"column":36}},{"start":{"line":95,"column":40},"end":{"line":95,"column":73}}]}}},"C:\\Users\\abu8kor\\Documents\\personal\\NearBy\\routers\\api.js":{"path":"C:\\Users\\abu8kor\\Documents\\personal\\NearBy\\routers\\api.js","s":{"1":1,"2":1,"3":1},"b":{},"f":{},"fnMap":{},"statementMap":{"1":{"start":{"line":1,"column":0},"end":{"line":1,"column":40}},"2":{"start":{"line":3,"column":0},"end":{"line":3,"column":53}},"3":{"start":{"line":5,"column":0},"end":{"line":5,"column":23}}},"branchMap":{}},"C:\\Users\\abu8kor\\Documents\\personal\\NearBy\\routers\\routes\\comments\\index.js":{"path":"C:\\Users\\abu8kor\\Documents\\personal\\NearBy\\routers\\routes\\comments\\index.js","s":{"1":1,"2":1,"3":1,"4":1,"5":1},"b":{},"f":{},"fnMap":{},"statementMap":{"1":{"start":{"line":1,"column":0},"end":{"line":4,"column":1}},"2":{"start":{"line":6,"column":0},"end":{"line":6,"column":40}},"3":{"start":{"line":8,"column":0},"end":{"line":8,"column":40}},"4":{"start":{"line":10,"column":0},"end":{"line":10,"column":23}},"5":{"start":{"line":12,"column":0},"end":{"line":12,"column":24}}},"branchMap":{}},"C:\\Users\\abu8kor\\Documents\\personal\\NearBy\\routers\\routes\\comments\\create.js":{"path":"C:\\Users\\abu8kor\\Documents\\personal\\NearBy\\routers\\routes\\comments\\create.js","s":{"1":1,"2":1,"3":0,"4":0,"5":0,"6":0,"7":0,"8":0,"9":0},"b":{"1":[0,0],"2":[0,0]},"f":{"1":0,"2":0,"3":0},"fnMap":{"1":{"name":"(anonymous_1)","line":9,"loc":{"start":{"line":9,"column":17},"end":{"line":9,"column":36}}},"2":{"name":"(anonymous_2)","line":28,"loc":{"start":{"line":28,"column":7},"end":{"line":28,"column":29}}},"3":{"name":"(anonymous_3)","line":39,"loc":{"start":{"line":39,"column":15},"end":{"line":39,"column":38}}}},"statementMap":{"1":{"start":{"line":1,"column":0},"end":{"line":1,"column":48}},"2":{"start":{"line":9,"column":0},"end":{"line":46,"column":1}},"3":{"start":{"line":10,"column":4},"end":{"line":10,"column":30}},"4":{"start":{"line":11,"column":4},"end":{"line":16,"column":5}},"5":{"start":{"line":18,"column":4},"end":{"line":45,"column":6}},"6":{"start":{"line":29,"column":8},"end":{"line":44,"column":9}},"7":{"start":{"line":30,"column":12},"end":{"line":41,"column":14}},"8":{"start":{"line":40,"column":16},"end":{"line":40,"column":59}},"9":{"start":{"line":43,"column":12},"end":{"line":43,"column":40}}},"branchMap":{"1":{"line":10,"type":"binary-expr","locations":[{"start":{"line":10,"column":15},"end":{"line":10,"column":23}},{"start":{"line":10,"column":27},"end":{"line":10,"column":29}}]},"2":{"line":29,"type":"if","locations":[{"start":{"line":29,"column":8},"end":{"line":29,"column":8}},{"start":{"line":29,"column":8},"end":{"line":29,"column":8}}]}}},"C:\\Users\\abu8kor\\Documents\\personal\\NearBy\\routers\\routes\\comments\\get.js":{"path":"C:\\Users\\abu8kor\\Documents\\personal\\NearBy\\routers\\routes\\comments\\get.js","s":{"1":1,"2":1,"3":0,"4":0,"5":0,"6":0},"b":{"1":[0,0],"2":[0,0]},"f":{"1":0,"2":0},"fnMap":{"1":{"name":"(anonymous_1)","line":7,"loc":{"start":{"line":7,"column":17},"end":{"line":7,"column":36}}},"2":{"name":"(anonymous_2)","line":10,"loc":{"start":{"line":10,"column":7},"end":{"line":10,"column":29}}}},"statementMap":{"1":{"start":{"line":1,"column":0},"end":{"line":1,"column":48}},"2":{"start":{"line":7,"column":0},"end":{"line":17,"column":1}},"3":{"start":{"line":8,"column":4},"end":{"line":16,"column":6}},"4":{"start":{"line":11,"column":8},"end":{"line":15,"column":9}},"5":{"start":{"line":12,"column":12},"end":{"line":12,"column":63}},"6":{"start":{"line":14,"column":12},"end":{"line":14,"column":40}}},"branchMap":{"1":{"line":11,"type":"if","locations":[{"start":{"line":11,"column":8},"end":{"line":11,"column":8}},{"start":{"line":11,"column":8},"end":{"line":11,"column":8}}]},"2":{"line":12,"type":"binary-expr","locations":[{"start":{"line":12,"column":36},"end":{"line":12,"column":42}},{"start":{"line":12,"column":46},"end":{"line":12,"column":62}}]}}},"C:\\Users\\abu8kor\\Documents\\personal\\NearBy\\routers\\portal.js":{"path":"C:\\Users\\abu8kor\\Documents\\personal\\NearBy\\routers\\portal.js","s":{"1":1,"2":1,"3":1,"4":1,"5":1,"6":0,"7":0,"8":0,"9":0,"10":0,"11":0,"12":1},"b":{"1":[0,0],"2":[0,0]},"f":{"1":0},"fnMap":{"1":{"name":"(anonymous_1)","line":12,"loc":{"start":{"line":12,"column":22},"end":{"line":12,"column":41}}}},"statementMap":{"1":{"start":{"line":1,"column":0},"end":{"line":1,"column":41}},"2":{"start":{"line":2,"column":0},"end":{"line":2,"column":22}},"3":{"start":{"line":3,"column":0},"end":{"line":3,"column":26}},"4":{"start":{"line":5,"column":0},"end":{"line":5,"column":40}},"5":{"start":{"line":12,"column":0},"end":{"line":24,"column":2}},"6":{"start":{"line":13,"column":4},"end":{"line":13,"column":42}},"7":{"start":{"line":14,"column":4},"end":{"line":14,"column":46}},"8":{"start":{"line":17,"column":4},"end":{"line":23,"column":6}},"9":{"start":{"line":18,"column":8},"end":{"line":22,"column":9}},"10":{"start":{"line":19,"column":12},"end":{"line":19,"column":31}},"11":{"start":{"line":21,"column":12},"end":{"line":21,"column":44}},"12":{"start":{"line":26,"column":0},"end":{"line":26,"column":24}}},"branchMap":{"1":{"line":18,"type":"if","locations":[{"start":{"line":18,"column":8},"end":{"line":18,"column":8}},{"start":{"line":18,"column":8},"end":{"line":18,"column":8}}]},"2":{"line":18,"type":"binary-expr","locations":[{"start":{"line":18,"column":12},"end":{"line":18,"column":16}},{"start":{"line":18,"column":20},"end":{"line":18,"column":34}}]}}}}