TN:
SF:C:\Users\abu8kor\Documents\personal\NearBy\server.js
FN:61,(anonymous_1)
FN:76,(anonymous_2)
FN:82,(anonymous_3)
FNF:3
FNH:0
FNDA:0,(anonymous_1)
FNDA:0,(anonymous_2)
FNDA:0,(anonymous_3)
DA:1,1
DA:3,1
DA:4,1
DA:5,1
DA:7,1
DA:8,1
DA:10,1
DA:12,1
DA:13,1
DA:15,1
DA:17,1
DA:18,1
DA:19,1
DA:20,1
DA:22,1
DA:23,1
DA:27,1
DA:28,1
DA:29,1
DA:32,0
DA:33,0
DA:34,0
DA:35,0
DA:36,0
DA:43,0
DA:47,1
DA:48,1
DA:49,1
DA:58,1
DA:59,1
DA:60,1
DA:61,1
DA:62,0
DA:63,0
DA:64,0
DA:65,0
DA:66,0
DA:68,0
DA:72,1
DA:73,1
DA:76,1
DA:78,0
DA:82,1
DA:83,0
DA:84,0
DA:88,1
DA:89,0
DA:90,0
DA:93,1
DA:94,0
DA:95,0
DA:99,1
LF:52
LH:33
BRDA:28,1,0,1
BRDA:28,1,1,0
BRDA:28,2,0,1
BRDA:28,2,1,1
BRDA:35,3,0,0
BRDA:35,3,1,0
BRDA:62,4,0,0
BRDA:62,4,1,0
BRDA:64,5,0,0
BRDA:64,5,1,0
BRDA:89,6,0,0
BRDA:89,6,1,0
BRDA:93,7,0,0
BRDA:93,7,1,1
BRF:14
BRH:4
end_of_record
TN:
SF:C:\Users\abu8kor\Documents\personal\NearBy\config\init.globals.js
FNF:0
FNH:0
DA:3,1
DA:4,1
DA:5,1
DA:7,1
DA:8,1
DA:10,1
DA:11,1
DA:12,1
DA:13,1
DA:14,1
DA:15,1
DA:17,1
DA:18,0
DA:19,0
DA:20,0
DA:21,0
DA:22,0
DA:23,0
DA:26,1
DA:27,1
DA:28,1
DA:29,1
DA:30,1
DA:31,1
DA:34,1
LF:25
LH:19
BRDA:17,1,0,0
BRDA:17,1,1,1
BRDA:17,2,0,1
BRDA:17,2,1,1
BRF:4
BRH:3
end_of_record
TN:
SF:C:\Users\abu8kor\Documents\personal\NearBy\config\config.js
FNF:0
FNH:0
DA:1,1
LF:1
LH:1
BRF:0
BRH:0
end_of_record
TN:
SF:C:\Users\abu8kor\Documents\personal\NearBy\config\config.mongo.js
FNF:0
FNH:0
DA:1,1
LF:1
LH:1
BRF:0
BRH:0
end_of_record
TN:
SF:C:\Users\abu8kor\Documents\personal\NearBy\lib\db\mongoConn.js
FN:8,getConn
FN:22,keepConnAlive
FN:23,(anonymous_3)
FN:26,(anonymous_4)
FNF:4
FNH:2
FNDA:1,getConn
FNDA:1,keepConnAlive
FNDA:0,(anonymous_3)
FNDA:0,(anonymous_4)
DA:1,1
DA:3,1
DA:8,1
DA:9,1
DA:10,1
DA:11,1
DA:13,0
DA:14,0
DA:22,1
DA:23,1
DA:25,0
DA:26,0
DA:27,0
DA:28,0
DA:29,0
DA:30,0
DA:34,0
DA:35,0
DA:36,0
LF:19
LH:8
BRDA:27,1,0,0
BRDA:27,1,1,0
BRF:2
BRH:0
end_of_record
TN:
SF:C:\Users\abu8kor\Documents\personal\NearBy\lib\logger.js
FNF:0
FNH:0
DA:6,1
DA:8,1
DA:9,1
DA:10,1
DA:12,1
DA:13,1
DA:14,1
DA:15,1
DA:16,0
DA:17,0
DA:18,0
DA:19,0
DA:21,0
DA:22,0
DA:25,0
LF:15
LH:8
BRDA:12,1,0,1
BRDA:12,1,1,0
BRDA:12,2,0,1
BRDA:12,2,1,1
BRDA:16,3,0,0
BRDA:16,3,1,0
BRF:6
BRH:3
end_of_record
TN:
SF:C:\Users\abu8kor\Documents\personal\NearBy\lib\middlewares.js
FN:9,(anonymous_1)
FN:10,(anonymous_2)
FN:16,(anonymous_3)
FN:35,(anonymous_4)
FN:36,(anonymous_5)
FN:57,(anonymous_6)
FN:64,(anonymous_7)
FN:75,(anonymous_8)
FN:93,(anonymous_9)
FN:112,(anonymous_10)
FN:119,sendToken
FN:139,uniqueUserEmail
FN:143,(anonymous_13)
FNF:13
FNH:2
FNDA:1,(anonymous_1)
FNDA:0,(anonymous_2)
FNDA:0,(anonymous_3)
FNDA:1,(anonymous_4)
FNDA:0,(anonymous_5)
FNDA:0,(anonymous_6)
FNDA:0,(anonymous_7)
FNDA:0,(anonymous_8)
FNDA:0,(anonymous_9)
FNDA:0,(anonymous_10)
FNDA:0,sendToken
FNDA:0,uniqueUserEmail
FNDA:0,(anonymous_13)
DA:1,1
DA:2,1
DA:4,1
DA:5,1
DA:7,1
DA:10,1
DA:11,0
DA:13,0
DA:17,0
DA:18,0
DA:19,0
DA:20,0
DA:21,0
DA:23,0
DA:26,0
DA:27,0
DA:29,0
DA:36,1
DA:38,0
DA:40,0
DA:57,0
DA:58,0
DA:59,0
DA:61,0
DA:62,0
DA:63,0
DA:64,0
DA:65,0
DA:66,0
DA:68,0
DA:76,0
DA:77,0
DA:78,0
DA:79,0
DA:80,0
DA:82,0
DA:85,0
DA:86,0
DA:87,0
DA:94,0
DA:95,0
DA:96,0
DA:98,0
DA:102,0
DA:105,0
DA:108,0
DA:112,1
DA:113,0
DA:114,0
DA:119,1
DA:120,0
DA:121,0
DA:126,0
DA:127,0
DA:129,0
DA:139,1
DA:140,0
DA:144,0
LF:58
LH:10
BRDA:11,1,0,0
BRDA:11,1,1,0
BRDA:14,2,0,0
BRDA:14,2,1,0
BRDA:17,3,0,0
BRDA:17,3,1,0
BRDA:18,4,0,0
BRDA:18,4,1,0
BRDA:19,5,0,0
BRDA:19,5,1,0
BRDA:26,6,0,0
BRDA:26,6,1,0
BRDA:38,7,0,0
BRDA:38,7,1,0
BRDA:58,8,0,0
BRDA:58,8,1,0
BRDA:65,9,0,0
BRDA:65,9,1,0
BRDA:76,10,0,0
BRDA:76,10,1,0
BRDA:76,10,2,0
BRDA:76,10,3,0
BRDA:76,10,4,0
BRDA:76,10,5,0
BRDA:76,10,6,0
BRDA:76,10,7,0
BRDA:77,11,0,0
BRDA:77,11,1,0
BRDA:85,12,0,0
BRDA:85,12,1,0
BRDA:85,13,0,0
BRDA:85,13,1,0
BRDA:85,13,2,0
BRDA:86,14,0,0
BRDA:86,14,1,0
BRDA:95,15,0,0
BRDA:95,15,1,0
BRDA:95,16,0,0
BRDA:95,16,1,0
BRF:39
BRH:0
end_of_record
TN:
SF:C:\Users\abu8kor\Documents\personal\NearBy\routers\api.js
FNF:0
FNH:0
DA:1,1
DA:3,1
DA:5,1
LF:3
LH:3
BRF:0
BRH:0
end_of_record
TN:
SF:C:\Users\abu8kor\Documents\personal\NearBy\routers\routes\comments\index.js
FNF:0
FNH:0
DA:1,1
DA:6,1
DA:8,1
DA:10,1
DA:12,1
LF:5
LH:5
BRF:0
BRH:0
end_of_record
TN:
SF:C:\Users\abu8kor\Documents\personal\NearBy\routers\routes\comments\create.js
FN:9,(anonymous_1)
FN:28,(anonymous_2)
FN:39,(anonymous_3)
FNF:3
FNH:0
FNDA:0,(anonymous_1)
FNDA:0,(anonymous_2)
FNDA:0,(anonymous_3)
DA:1,1
DA:9,1
DA:10,0
DA:11,0
DA:18,0
DA:29,0
DA:30,0
DA:40,0
DA:43,0
LF:9
LH:2
BRDA:10,1,0,0
BRDA:10,1,1,0
BRDA:29,2,0,0
BRDA:29,2,1,0
BRF:4
BRH:0
end_of_record
TN:
SF:C:\Users\abu8kor\Documents\personal\NearBy\routers\routes\comments\get.js
FN:7,(anonymous_1)
FN:10,(anonymous_2)
FNF:2
FNH:0
FNDA:0,(anonymous_1)
FNDA:0,(anonymous_2)
DA:1,1
DA:7,1
DA:8,0
DA:11,0
DA:12,0
DA:14,0
LF:6
LH:2
BRDA:11,1,0,0
BRDA:11,1,1,0
BRDA:12,2,0,0
BRDA:12,2,1,0
BRF:4
BRH:0
end_of_record
TN:
SF:C:\Users\abu8kor\Documents\personal\NearBy\routers\portal.js
FN:12,(anonymous_1)
FNF:1
FNH:0
FNDA:0,(anonymous_1)
DA:1,1
DA:2,1
DA:3,1
DA:5,1
DA:12,1
DA:13,0
DA:14,0
DA:17,0
DA:18,0
DA:19,0
DA:21,0
DA:26,1
LF:12
LH:6
BRDA:18,1,0,0
BRDA:18,1,1,0
BRDA:18,2,0,0
BRDA:18,2,1,0
BRF:4
BRH:0
end_of_record
